npm install
npm WARN deprecated inflight@1.0.6: This module is not supported, and leaks memory. Do not use it. Check out lru-cache if you want a good and tested way to coalesce async requests by a key value, which is much more comprehensive and powerful.
npm WARN deprecated @npmcli/move-file@1.1.2: This functionality has been moved to @npmcli/fs
npm WARN deprecated stable@0.1.8: Modern JS already guarantees Array#sort() is a stable sort, so this library is deprecated. See the compatibility table on MDN: https://developer.mozilla.org/en-US/docs/Web/JavaScript/Reference/Global_Objects/Array/sort#browser_compatibility
npm WARN deprecated @npmcli/move-file@2.0.1: This functionality has been moved to @npmcli/fs
npm WARN deprecated @babel/plugin-proposal-class-properties@7.18.6: This proposal has been merged to the ECMAScript standard and thus this plugin is no longer maintained. Please use @babel/plugin-transform-class-properties instead.
npm WARN deprecated npmlog@6.0.2: This package is no longer supported.
npm WARN deprecated @humanwhocodes/config-array@0.13.0: Use @eslint/config-array instead
npm WARN deprecated rimraf@3.0.2: Rimraf versions prior to v4 are no longer supported
npm WARN deprecated are-we-there-yet@3.0.1: This package is no longer supported.
npm WARN deprecated consolidate@0.15.1: Please upgrade to consolidate v1.0.0+ as it has been modernized with several long-awaited fixes implemented. Maintenance is supported by Forward Email at https://forwardemail.net ; follow/watch https://github.com/ladjs/consolidate for updates and release changelog
npm WARN deprecated @humanwhocodes/object-schema@2.0.3: Use @eslint/object-schema instead
npm WARN deprecated glob@7.2.3: Glob versions prior to v9 are no longer supported
npm WARN deprecated glob@8.1.0: Glob versions prior to v9 are no longer supported
npm WARN deprecated glob@7.1.7: Glob versions prior to v9 are no longer supported
npm WARN deprecated gauge@4.0.4: This package is no longer supported.
npm WARN deprecated webpack-chain@6.5.1: Package no longer supported. Contact Support at https://www.npmjs.com/support for more info.
npm WARN deprecated eslint@8.57.1: This version is no longer supported. Please see https://eslint.org/version-support for other options.
npm WARN deprecated node-sass@8.0.0: Node Sass is no longer supported. Please use `sass` or `sass-embedded` instead.
npm ERR! code 1
npm ERR! path /Users/igor/PROJECTS/spring-cloud-storage/frontend/node_modules/node-sass
npm ERR! command failed
npm ERR! command sh -c node scripts/build.js
npm ERR! Binary found at /Users/igor/PROJECTS/spring-cloud-storage/frontend/node_modules/node-sass/vendor/darwin-arm64-111/binding.node
npm ERR! Testing binary
npm ERR! Binary has a problem: Error: dlopen(/Users/igor/PROJECTS/spring-cloud-storage/frontend/node_modules/node-sass/vendor/darwin-arm64-111/binding.node, 0x0001): tried: '/Users/igor/PROJECTS/spring-cloud-storage/frontend/node_modules/node-sass/vendor/darwin-arm64-111/binding.node' (not a mach-o file), '/System/Volumes/Preboot/Cryptexes/OS/Users/igor/PROJECTS/spring-cloud-storage/frontend/node_modules/node-sass/vendor/darwin-arm64-111/binding.node' (no such file), '/Users/igor/PROJECTS/spring-cloud-storage/frontend/node_modules/node-sass/vendor/darwin-arm64-111/binding.node' (not a mach-o file)
npm ERR!     at Module._extensions..node (node:internal/modules/cjs/loader:1361:18)
npm ERR!     at Module.load (node:internal/modules/cjs/loader:1133:32)
npm ERR!     at Module._load (node:internal/modules/cjs/loader:972:12)
npm ERR!     at Module.require (node:internal/modules/cjs/loader:1157:19)
npm ERR!     at require (node:internal/modules/helpers:119:18)
npm ERR!     at module.exports (/Users/igor/PROJECTS/spring-cloud-storage/frontend/node_modules/node-sass/lib/binding.js:19:10)
npm ERR!     at Object.<anonymous> (/Users/igor/PROJECTS/spring-cloud-storage/frontend/node_modules/node-sass/lib/index.js:13:35)
npm ERR!     at Module._compile (node:internal/modules/cjs/loader:1275:14)
npm ERR!     at Module._extensions..js (node:internal/modules/cjs/loader:1329:10)
npm ERR!     at Module.load (node:internal/modules/cjs/loader:1133:32) {
npm ERR!   code: 'ERR_DLOPEN_FAILED'
npm ERR! }
npm ERR! Building the binary locally
npm ERR! Building: /Users/igor/.nvm/versions/node/v19.9.0/bin/node /Users/igor/PROJECTS/spring-cloud-storage/frontend/node_modules/node-gyp/bin/node-gyp.js rebuild --verbose --libsass_ext= --libsass_cflags= --libsass_ldflags= --libsass_library=
npm ERR! gyp info it worked if it ends with ok
npm ERR! gyp verb cli [
npm ERR! gyp verb cli   '/Users/igor/.nvm/versions/node/v19.9.0/bin/node',
npm ERR! gyp verb cli   '/Users/igor/PROJECTS/spring-cloud-storage/frontend/node_modules/node-gyp/bin/node-gyp.js',
npm ERR! gyp verb cli   'rebuild',
npm ERR! gyp verb cli   '--verbose',
npm ERR! gyp verb cli   '--libsass_ext=',
npm ERR! gyp verb cli   '--libsass_cflags=',
npm ERR! gyp verb cli   '--libsass_ldflags=',
npm ERR! gyp verb cli   '--libsass_library='
npm ERR! gyp verb cli ]
npm ERR! gyp info using node-gyp@8.4.1
npm ERR! gyp info using node@19.9.0 | darwin | arm64
npm ERR! gyp verb command rebuild []
npm ERR! gyp verb command clean []
npm ERR! gyp verb clean removing "build" directory
npm ERR! gyp verb command configure []
npm ERR! gyp verb find Python Python is not set from command line or npm configuration
npm ERR! gyp verb find Python Python is not set from environment variable PYTHON
npm ERR! gyp verb find Python checking if "python3" can be used
npm ERR! gyp verb find Python - executing "python3" to get executable path
npm ERR! gyp verb find Python - executable path is "/usr/local/opt/python@3.13/bin/python3.13"
npm ERR! gyp verb find Python - executing "/usr/local/opt/python@3.13/bin/python3.13" to get version
npm ERR! gyp verb find Python - version is "3.13.2"
npm ERR! gyp info find Python using Python version 3.13.2 found at "/usr/local/opt/python@3.13/bin/python3.13"
npm ERR! gyp verb get node dir no --target version specified, falling back to host node version: 19.9.0
npm ERR! gyp verb command install [ '19.9.0' ]
npm ERR! gyp verb install input version string "19.9.0"
npm ERR! gyp verb install installing version: 19.9.0
npm ERR! gyp verb install --ensure was passed, so won't reinstall if already installed
npm ERR! gyp verb install version is already installed, need to check "installVersion"
npm ERR! gyp verb got "installVersion" 9
npm ERR! gyp verb needs "installVersion" 9
npm ERR! gyp verb install version is good
npm ERR! gyp verb get node dir target node version installed: 19.9.0
npm ERR! gyp verb build dir attempting to create "build" dir: /Users/igor/PROJECTS/spring-cloud-storage/frontend/node_modules/node-sass/build
npm ERR! gyp verb build dir "build" dir needed to be created? Yes
npm ERR! gyp verb build/config.gypi creating config file
npm ERR! gyp verb build/config.gypi writing out config file: /Users/igor/PROJECTS/spring-cloud-storage/frontend/node_modules/node-sass/build/config.gypi
npm ERR! gyp verb config.gypi checking for gypi file: /Users/igor/PROJECTS/spring-cloud-storage/frontend/node_modules/node-sass/config.gypi
npm ERR! gyp verb common.gypi checking for gypi file: /Users/igor/PROJECTS/spring-cloud-storage/frontend/node_modules/node-sass/common.gypi
npm ERR! gyp verb gyp gyp format was not specified; forcing "make"
npm ERR! gyp info spawn /usr/local/opt/python@3.13/bin/python3.13
npm ERR! gyp info spawn args [
npm ERR! gyp info spawn args   '/Users/igor/PROJECTS/spring-cloud-storage/frontend/node_modules/node-gyp/gyp/gyp_main.py',
npm ERR! gyp info spawn args   'binding.gyp',
npm ERR! gyp info spawn args   '-f',
npm ERR! gyp info spawn args   'make',
npm ERR! gyp info spawn args   '-I',
npm ERR! gyp info spawn args   '/Users/igor/PROJECTS/spring-cloud-storage/frontend/node_modules/node-sass/build/config.gypi',
npm ERR! gyp info spawn args   '-I',
npm ERR! gyp info spawn args   '/Users/igor/PROJECTS/spring-cloud-storage/frontend/node_modules/node-gyp/addon.gypi',
npm ERR! gyp info spawn args   '-I',
npm ERR! gyp info spawn args   '/Users/igor/Library/Caches/node-gyp/19.9.0/include/node/common.gypi',
npm ERR! gyp info spawn args   '-Dlibrary=shared_library',
npm ERR! gyp info spawn args   '-Dvisibility=default',
npm ERR! gyp info spawn args   '-Dnode_root_dir=/Users/igor/Library/Caches/node-gyp/19.9.0',
npm ERR! gyp info spawn args   '-Dnode_gyp_dir=/Users/igor/PROJECTS/spring-cloud-storage/frontend/node_modules/node-gyp',
npm ERR! gyp info spawn args   '-Dnode_lib_file=/Users/igor/Library/Caches/node-gyp/19.9.0/<(target_arch)/node.lib',
npm ERR! gyp info spawn args   '-Dmodule_root_dir=/Users/igor/PROJECTS/spring-cloud-storage/frontend/node_modules/node-sass',
npm ERR! gyp info spawn args   '-Dnode_engine=v8',
npm ERR! gyp info spawn args   '--depth=.',
npm ERR! gyp info spawn args   '--no-parallel',
npm ERR! gyp info spawn args   '--generator-output',
npm ERR! gyp info spawn args   'build',
npm ERR! gyp info spawn args   '-Goutput_dir=.'
npm ERR! gyp info spawn args ]
npm ERR! Traceback (most recent call last):
npm ERR!   File "/Users/igor/PROJECTS/spring-cloud-storage/frontend/node_modules/node-gyp/gyp/gyp_main.py", line 42, in <module>
npm ERR!     import gyp  # noqa: E402
npm ERR!     ^^^^^^^^^^
npm ERR!   File "/Users/igor/PROJECTS/spring-cloud-storage/frontend/node_modules/node-gyp/gyp/pylib/gyp/__init__.py", line 9, in <module>
npm ERR!     import gyp.input
npm ERR!   File "/Users/igor/PROJECTS/spring-cloud-storage/frontend/node_modules/node-gyp/gyp/pylib/gyp/input.py", line 19, in <module>
npm ERR!     from distutils.version import StrictVersion
npm ERR! ModuleNotFoundError: No module named 'distutils'
npm ERR! gyp ERR! configure error
npm ERR! gyp ERR! stack Error: `gyp` failed with exit code: 1
npm ERR! gyp ERR! stack     at ChildProcess.onCpExit (/Users/igor/PROJECTS/spring-cloud-storage/frontend/node_modules/node-gyp/lib/configure.js:259:16)
npm ERR! gyp ERR! stack     at ChildProcess.emit (node:events:513:28)
npm ERR! gyp ERR! stack     at ChildProcess._handle.onexit (node:internal/child_process:293:12)
npm ERR! gyp ERR! System Darwin 24.3.0
npm ERR! gyp ERR! command "/Users/igor/.nvm/versions/node/v19.9.0/bin/node" "/Users/igor/PROJECTS/spring-cloud-storage/frontend/node_modules/node-gyp/bin/node-gyp.js" "rebuild" "--verbose" "--libsass_ext=" "--libsass_cflags=" "--libsass_ldflags=" "--libsass_library="
npm ERR! gyp ERR! cwd /Users/igor/PROJECTS/spring-cloud-storage/frontend/node_modules/node-sass
npm ERR! gyp ERR! node -v v19.9.0
npm ERR! gyp ERR! node-gyp -v v8.4.1
npm ERR! gyp ERR! not ok
npm ERR! Build failed with error code: 1